<html><head><title>Automation Summary</title><LINK rel='stylesheet' href='style.css'></LINK><script type='text/javascript' src='jquery-1.3.2.min.js'></script><script type='text/javascript' src='main.js'></script><script type="text/javascript" src="https://www.gstatic.com/charts/loader.js"></script></head><body><div id="chart_div"></div><div style='width: 384px;'><label for='groupMethodsCheckBox' style='font-weight: bold; margin: 0;'><label for='methodsFilter_FAIL' style='margin-left: 20px;'><input id='methodsFilter_FAIL' type='checkbox' onclick="testMethodsFilterChanged(this, 'FAIL')" checked=''></input>Failed</label> <label for='methodsFilter_PASS'><input id='methodsFilter_PASS' type='checkbox' onclick="testMethodsFilterChanged(this, 'PASS')" checked=''></input>Passed</label><label for='methodsFilter_SKIP'><input id='methodsFilter_SKIP' type='checkbox' onclick="testMethodsFilterChanged(this, 'SKIP')" checked=''></input>Skipped</label></div><br></br><div class='content'><h2>AppointmentTests overview</h2><div class='widget-box'><div class='widget-content1'><table cellpadding='0' cellspacing='0' border='0'><tr> <td align='center' id='chart-container'><iframe src='AppointmentTests_chart.html' scrolling='no' style='width: 295px; height: 220px; border: 0 none;'></iframe></td></tr></table></div></div><div id='testMethodsByStatus'><table class='testMethodsTable' cellpadding='0' cellspacing='0'><tr class='methodsTableHeader'><td nowrap='true'>S.No.</td><td nowrap='true'>Name</td><td nowrap='true'>Description</td><td nowrap='true'>Duration</td><td>Exception</td><td>Screenshot</td></tr><tr id='TestSampleTest11:18:55_byStatus_failed_FAIL1_row' class='testMethodStatusFAIL'><td width='20%' class='testMethodsTableSNo'>1</td><td nowrap='true'><a onclick="toggleDetailsVisibility('TestSampleTest11:18:55_byStatus_failed_FAIL1_exception')">TestSampleTest</a></td><td nowrap='true'>null</td><td nowrap='true'>0 secs</td><td nowrap='true'>java.lang.AssertionError: expected [true] but foun</td><td nowrap='true'><a href='Screenshots\com.Sample.TestSample@1ee9989-2016-14-12 at 11-18-55.png' target='_blank'>View</a></td></tr> <td colspan='6' class='detailsBox'><div id='TestSampleTest11:18:55_byStatus_failed_FAIL1_exception' class='testMethodDetails'><div><b>Name: </b>TestSampleTest</div></br><div><b>Suite Name: </b>AppointmentTests</div></br><div><b>Class Name: </b>com.Sample.TestSample</div></br><div><b>Parameters: </b>NA</div></br></br><div><b>Exception: </b>java.lang.AssertionError: expected [true] but found [false]
	at org.testng.Assert.fail(Assert.java:94)
	at org.testng.Assert.failNotEquals(Assert.java:496)
	at org.testng.Assert.assertTrue(Assert.java:42)
	at org.testng.Assert.assertTrue(Assert.java:52)
	at com.Sample.TestSample.TestSampleTest(TestSample.java:11)
	at sun.reflect.NativeMethodAccessorImpl.invoke0(Native Method)
	at sun.reflect.NativeMethodAccessorImpl.invoke(NativeMethodAccessorImpl.java:62)
	at sun.reflect.DelegatingMethodAccessorImpl.invoke(DelegatingMethodAccessorImpl.java:43)
	at java.lang.reflect.Method.invoke(Method.java:497)
	at org.testng.internal.MethodInvocationHelper.invokeMethod(MethodInvocationHelper.java:85)
	at org.testng.internal.Invoker.invokeMethod(Invoker.java:639)
	at org.testng.internal.Invoker.invokeTestMethod(Invoker.java:816)
	at org.testng.internal.Invoker.invokeTestMethods(Invoker.java:1124)
	at org.testng.internal.TestMethodWorker.invokeTestMethods(TestMethodWorker.java:125)
	at org.testng.internal.TestMethodWorker.run(TestMethodWorker.java:108)
	at org.testng.TestRunner.privateRun(TestRunner.java:774)
	at org.testng.TestRunner.run(TestRunner.java:624)
	at org.testng.SuiteRunner.runTest(SuiteRunner.java:359)
	at org.testng.SuiteRunner.runSequentially(SuiteRunner.java:354)
	at org.testng.SuiteRunner.privateRun(SuiteRunner.java:312)
	at org.testng.SuiteRunner.run(SuiteRunner.java:261)
	at org.testng.SuiteRunnerWorker.runSuite(SuiteRunnerWorker.java:52)
	at org.testng.SuiteRunnerWorker.run(SuiteRunnerWorker.java:86)
	at org.testng.TestNG.runSuitesSequentially(TestNG.java:1215)
	at org.testng.TestNG.runSuitesSequentially(TestNG.java:1211)
	at org.testng.TestNG.runSuitesLocally(TestNG.java:1140)
	at org.testng.TestNG.run(TestNG.java:1048)
	at org.testng.remote.AbstractRemoteTestNG.run(AbstractRemoteTestNG.java:132)
	at org.testng.remote.RemoteTestNG.initAndRun(RemoteTestNG.java:236)
	at org.testng.remote.RemoteTestNG.main(RemoteTestNG.java:81)
</div></br></br><div><b>Start time: </b>11:18:55</div></br><div><b>End time: </b>11:18:55</div></br><div><b>Duration: </b>0 secs</div></br></div></td></tr><tr class='testMethodStatusPASS'><td width='20%' class='testMethodsTableSNo'>2</td><td nowrap='true'><a onclick="toggleDetailsVisibility('TestSampleTest211:18:56')">TestSampleTest2</a></td><td nowrap='true'>null</td><td nowrap='true'>0 secs</td><td nowrap='true'>NA</td><td nowrap='true'><a href='Screenshots\com.Sample.TestSample@1ee9989-2016-14-12 at 11-18-56.png' target='_blank'>View</a></td></tr> <td colspan='6' class='detailsBox'><div id='TestSampleTest211:18:56' class='testMethodDetails'><div><b>Name: </b>TestSampleTest2</div></br><div><b>Suite Name: </b>AppointmentTests</div></br><div><b>Class Name: </b>com.Sample.TestSample</div></br><div><b>Parameters: </b>NA</div></br><div><b>Exception: </b>NA</div></br><div><b>Start time: </b>11:18:56</div></br><div><b>End time: </b>11:18:56</div></br><div><b>Duration: </b>0 secs</div></br></div></td></tr><tr class='testMethodStatusPASS'><td width='20%' class='testMethodsTableSNo'>3</td><td nowrap='true'><a onclick="toggleDetailsVisibility('TestSampleTest311:18:57')">TestSampleTest3</a></td><td nowrap='true'>null</td><td nowrap='true'>0 secs</td><td nowrap='true'>NA</td><td nowrap='true'><a href='Screenshots\com.Sample.TestSample@1ee9989-2016-14-12 at 11-18-57.png' target='_blank'>View</a></td></tr> <td colspan='6' class='detailsBox'><div id='TestSampleTest311:18:57' class='testMethodDetails'><div><b>Name: </b>TestSampleTest3</div></br><div><b>Suite Name: </b>AppointmentTests</div></br><div><b>Class Name: </b>com.Sample.TestSample</div></br><div><b>Parameters: </b>NA</div></br><div><b>Exception: </b>NA</div></br><div><b>Start time: </b>11:18:57</div></br><div><b>End time: </b>11:18:57</div></br><div><b>Duration: </b>0 secs</div></br></div></td></tr><tr id='TestSampleTest411:18:57_byStatus_failed_FAIL1_row' class='testMethodStatusFAIL'><td width='20%' class='testMethodsTableSNo'>4</td><td nowrap='true'><a onclick="toggleDetailsVisibility('TestSampleTest411:18:57_byStatus_failed_FAIL1_exception')">TestSampleTest4</a></td><td nowrap='true'>null</td><td nowrap='true'>0 secs</td><td nowrap='true'>java.lang.AssertionError: expected [true] but foun</td><td nowrap='true'><a href='Screenshots\com.Sample.TestSample@1ee9989-2016-14-12 at 11-18-57.png' target='_blank'>View</a></td></tr> <td colspan='6' class='detailsBox'><div id='TestSampleTest411:18:57_byStatus_failed_FAIL1_exception' class='testMethodDetails'><div><b>Name: </b>TestSampleTest4</div></br><div><b>Suite Name: </b>AppointmentTests</div></br><div><b>Class Name: </b>com.Sample.TestSample</div></br><div><b>Parameters: </b>NA</div></br></br><div><b>Exception: </b>java.lang.AssertionError: expected [true] but found [false]
	at org.testng.Assert.fail(Assert.java:94)
	at org.testng.Assert.failNotEquals(Assert.java:496)
	at org.testng.Assert.assertTrue(Assert.java:42)
	at org.testng.Assert.assertTrue(Assert.java:52)
	at com.Sample.TestSample.TestSampleTest4(TestSample.java:34)
	at sun.reflect.NativeMethodAccessorImpl.invoke0(Native Method)
	at sun.reflect.NativeMethodAccessorImpl.invoke(NativeMethodAccessorImpl.java:62)
	at sun.reflect.DelegatingMethodAccessorImpl.invoke(DelegatingMethodAccessorImpl.java:43)
	at java.lang.reflect.Method.invoke(Method.java:497)
	at org.testng.internal.MethodInvocationHelper.invokeMethod(MethodInvocationHelper.java:85)
	at org.testng.internal.Invoker.invokeMethod(Invoker.java:639)
	at org.testng.internal.Invoker.invokeTestMethod(Invoker.java:816)
	at org.testng.internal.Invoker.invokeTestMethods(Invoker.java:1124)
	at org.testng.internal.TestMethodWorker.invokeTestMethods(TestMethodWorker.java:125)
	at org.testng.internal.TestMethodWorker.run(TestMethodWorker.java:108)
	at org.testng.TestRunner.privateRun(TestRunner.java:774)
	at org.testng.TestRunner.run(TestRunner.java:624)
	at org.testng.SuiteRunner.runTest(SuiteRunner.java:359)
	at org.testng.SuiteRunner.runSequentially(SuiteRunner.java:354)
	at org.testng.SuiteRunner.privateRun(SuiteRunner.java:312)
	at org.testng.SuiteRunner.run(SuiteRunner.java:261)
	at org.testng.SuiteRunnerWorker.runSuite(SuiteRunnerWorker.java:52)
	at org.testng.SuiteRunnerWorker.run(SuiteRunnerWorker.java:86)
	at org.testng.TestNG.runSuitesSequentially(TestNG.java:1215)
	at org.testng.TestNG.runSuitesSequentially(TestNG.java:1211)
	at org.testng.TestNG.runSuitesLocally(TestNG.java:1140)
	at org.testng.TestNG.run(TestNG.java:1048)
	at org.testng.remote.AbstractRemoteTestNG.run(AbstractRemoteTestNG.java:132)
	at org.testng.remote.RemoteTestNG.initAndRun(RemoteTestNG.java:236)
	at org.testng.remote.RemoteTestNG.main(RemoteTestNG.java:81)
</div></br></br><div><b>Start time: </b>11:18:57</div></br><div><b>End time: </b>11:18:57</div></br><div><b>Duration: </b>0 secs</div></br></div></td></tr><tr class='testMethodStatusPASS'><td width='20%' class='testMethodsTableSNo'>5</td><td nowrap='true'><a onclick="toggleDetailsVisibility('TestSampleTest611:18:58')">TestSampleTest6</a></td><td nowrap='true'>null</td><td nowrap='true'>0 secs</td><td nowrap='true'>NA</td><td nowrap='true'><a href='Screenshots\com.Sample.TestSample@1ee9989-2016-14-12 at 11-18-58.png' target='_blank'>View</a></td></tr> <td colspan='6' class='detailsBox'><div id='TestSampleTest611:18:58' class='testMethodDetails'><div><b>Name: </b>TestSampleTest6</div></br><div><b>Suite Name: </b>AppointmentTests</div></br><div><b>Class Name: </b>com.Sample.TestSample</div></br><div><b>Parameters: </b>NA</div></br><div><b>Exception: </b>NA</div></br><div><b>Start time: </b>11:18:58</div></br><div><b>End time: </b>11:18:58</div></br><div><b>Duration: </b>0 secs</div></br></div></td></tr><tr class='testMethodStatusSKIP'><td width='20%' class='testMethodsTableSNo'>6</td><td nowrap='true'><a onclick="toggleDetailsVisibility('TestSampleTest611:18:58')">TestSampleTest6</a></td><td nowrap='true'>null</td><td nowrap='true'>0 secs</td><td nowrap='true'>NA</td><td nowrap='true'>NA</td></tr> <td colspan='6' class='detailsBox'><div id='TestSampleTest611:18:58' class='testMethodDetails'><div><b>Name: </b>TestSampleTest6</div></br><div><b>Suite Name: </b>AppointmentTests</div></br><div><b>Class Name: </b>com.Sample.TestSample</div></br><div><b>Parameters: </b>NA</div></br><div><b>Exception: </b>NA</div></br><div><b>Start time: </b>11:18:58</div></br><div><b>End time: </b>11:18:58</div></br><div><b>Duration: </b>0 secs</div></br></div></td></tr><tr class='testMethodStatusSKIP'><td width='20%' class='testMethodsTableSNo'>7</td><td nowrap='true'><a onclick="toggleDetailsVisibility('TestSampleTest611:18:58')">TestSampleTest6</a></td><td nowrap='true'>null</td><td nowrap='true'>0 secs</td><td nowrap='true'>NA</td><td nowrap='true'>NA</td></tr> <td colspan='6' class='detailsBox'><div id='TestSampleTest611:18:58' class='testMethodDetails'><div><b>Name: </b>TestSampleTest6</div></br><div><b>Suite Name: </b>AppointmentTests</div></br><div><b>Class Name: </b>com.Sample.TestSample</div></br><div><b>Parameters: </b>NA</div></br><div><b>Exception: </b>NA</div></br><div><b>Start time: </b>11:18:58</div></br><div><b>End time: </b>11:18:58</div></br><div><b>Duration: </b>0 secs</div></br></div></td></tr><tr class='testMethodStatusPASS'><td width='20%' class='testMethodsTableSNo'>8</td><td nowrap='true'><a onclick="toggleDetailsVisibility('TestPass11:18:58')">TestPass</a></td><td nowrap='true'>null</td><td nowrap='true'>0 secs</td><td nowrap='true'>NA</td><td nowrap='true'><a href='Screenshots\com.Sample.AppTest@13ad2d6-2016-14-12 at 11-18-58.png' target='_blank'>View</a></td></tr> <td colspan='6' class='detailsBox'><div id='TestPass11:18:58' class='testMethodDetails'><div><b>Name: </b>TestPass</div></br><div><b>Suite Name: </b>AppointmentTests</div></br><div><b>Class Name: </b>com.Sample.AppTest</div></br><div><b>Parameters: </b>NA</div></br><div><b>Exception: </b>NA</div></br><div><b>Start time: </b>11:18:58</div></br><div><b>End time: </b>11:18:58</div></br><div><b>Duration: </b>0 secs</div></br></div></td></tr><tr class='testMethodStatusPASS'><td width='20%' class='testMethodsTableSNo'>9</td><td nowrap='true'><a onclick="toggleDetailsVisibility('LogIn_Test11:19:02')">LogIn_Test</a></td><td nowrap='true'>null</td><td nowrap='true'>0 secs</td><td nowrap='true'>NA</td><td nowrap='true'><a href='Screenshots\com.Sample.AppTest@1a5c39e-2016-14-12 at 11-19-02.png' target='_blank'>View</a></td></tr> <td colspan='6' class='detailsBox'><div id='LogIn_Test11:19:02' class='testMethodDetails'><div><b>Name: </b>LogIn_Test</div></br><div><b>Suite Name: </b>AppointmentTests</div></br><div><b>Class Name: </b>com.Sample.AppTest</div></br><div><b>Parameters: </b>UserId1,Pass1,</div></br><div><b>Exception: </b>NA</div></br><div><b>Start time: </b>11:19:02</div></br><div><b>End time: </b>11:19:02</div></br><div><b>Duration: </b>0 secs</div></br></div></td></tr><tr class='testMethodStatusPASS'><td width='20%' class='testMethodsTableSNo'>10</td><td nowrap='true'><a onclick="toggleDetailsVisibility('LogIn_Test11:19:03')">LogIn_Test</a></td><td nowrap='true'>null</td><td nowrap='true'>0 secs</td><td nowrap='true'>NA</td><td nowrap='true'><a href='Screenshots\com.Sample.AppTest@1a5c39e-2016-14-12 at 11-19-03.png' target='_blank'>View</a></td></tr> <td colspan='6' class='detailsBox'><div id='LogIn_Test11:19:03' class='testMethodDetails'><div><b>Name: </b>LogIn_Test</div></br><div><b>Suite Name: </b>AppointmentTests</div></br><div><b>Class Name: </b>com.Sample.AppTest</div></br><div><b>Parameters: </b>UserId2,Pass2,</div></br><div><b>Exception: </b>NA</div></br><div><b>Start time: </b>11:19:03</div></br><div><b>End time: </b>11:19:03</div></br><div><b>Duration: </b>0 secs</div></br></div></td></tr><tr class='testMethodStatusPASS'><td width='20%' class='testMethodsTableSNo'>11</td><td nowrap='true'><a onclick="toggleDetailsVisibility('LogIn_Test11:19:04')">LogIn_Test</a></td><td nowrap='true'>null</td><td nowrap='true'>0 secs</td><td nowrap='true'>NA</td><td nowrap='true'><a href='Screenshots\com.Sample.AppTest@1a5c39e-2016-14-12 at 11-19-04.png' target='_blank'>View</a></td></tr> <td colspan='6' class='detailsBox'><div id='LogIn_Test11:19:04' class='testMethodDetails'><div><b>Name: </b>LogIn_Test</div></br><div><b>Suite Name: </b>AppointmentTests</div></br><div><b>Class Name: </b>com.Sample.AppTest</div></br><div><b>Parameters: </b>UserId3,Pass3,</div></br><div><b>Exception: </b>NA</div></br><div><b>Start time: </b>11:19:04</div></br><div><b>End time: </b>11:19:04</div></br><div><b>Duration: </b>0 secs</div></br></div></td></tr><tr class='testMethodStatusPASS'><td width='20%' class='testMethodsTableSNo'>12</td><td nowrap='true'><a onclick="toggleDetailsVisibility('LogIn_Test11:19:04')">LogIn_Test</a></td><td nowrap='true'>null</td><td nowrap='true'>0 secs</td><td nowrap='true'>NA</td><td nowrap='true'><a href='Screenshots\com.Sample.AppTest@1a5c39e-2016-14-12 at 11-19-04.png' target='_blank'>View</a></td></tr> <td colspan='6' class='detailsBox'><div id='LogIn_Test11:19:04' class='testMethodDetails'><div><b>Name: </b>LogIn_Test</div></br><div><b>Suite Name: </b>AppointmentTests</div></br><div><b>Class Name: </b>com.Sample.AppTest</div></br><div><b>Parameters: </b>UserId4,Pass4,</div></br><div><b>Exception: </b>NA</div></br><div><b>Start time: </b>11:19:04</div></br><div><b>End time: </b>11:19:04</div></br><div><b>Duration: </b>0 secs</div></br></div></td></tr></table></div><div class="rowLast"><div class="col-lg-12"><p>Copyright &copy; QASource</p></div></div></body></html>