<!DOCTYPE html PUBLIC "-//W3C//DTD XHTML 1.1//EN" "http://www.w3.org/TR/xhtml11/DTD/xhtml11.dtd">
<html xmlns="http://www.w3.org/1999/xhtml"><head><title>TestNG Report</title><style type="text/css">table {margin-bottom:10px;border-collapse:collapse;empty-cells:show}th,td {border:1px solid #009;padding:.25em .5em}th {vertical-align:bottom}td {vertical-align:top}table a {font-weight:bold}.stripe td {background-color: #E6EBF9}.num {text-align:right}.passedodd td {background-color: #3F3}.passedeven td {background-color: #0A0}.skippedodd td {background-color: #DDD}.skippedeven td {background-color: #CCC}.failedodd td,.attn {background-color: #F33}.failedeven td,.stripe .attn {background-color: #D00}.stacktrace {white-space:pre;font-family:monospace}.totop {font-size:85%;text-align:center;border-bottom:2px solid #000}</style></head><body><table><tr><th>Test</th><th># Passed</th><th># Skipped</th><th># Failed</th><th>Time (ms)</th><th>Included Groups</th><th>Excluded Groups</th></tr><tr><th colspan="7">TestSuite</th></tr><tr><td><a href="#t0">testGuru</a></td><td class="num">1</td><td class="num">0</td><td class="num attn">1</td><td class="num">9,891</td><td></td><td></td></tr><tr><th colspan="7">QASourceRegressionSuite</th></tr><tr><th colspan="7">TestSuite3</th></tr><tr class="stripe"><td><a href="#t1">testGuru3</a></td><td class="num">0</td><td class="num attn">8</td><td class="num">0</td><td class="num">7</td><td></td><td></td></tr><tr><td><a href="#t2">testGuru5</a></td><td class="num">0</td><td class="num attn">4</td><td class="num">0</td><td class="num">4</td><td></td><td></td></tr><tr><th colspan="7">TestSuite1</th></tr><tr class="stripe"><td><a href="#t3">testGuru1</a></td><td class="num">0</td><td class="num attn">4</td><td class="num">0</td><td class="num">12</td><td></td><td></td></tr><tr><th>Total</th><th class="num">1</th><th class="num attn">16</th><th class="num attn">1</th><th class="num">9,914</th><th colspan="2"></th></tr></table><table><thead><tr><th>Class</th><th>Method</th><th>Start</th><th>Time (ms)</th></tr></thead><tbody><tr><th colspan="4">TestSuite</th></tr></tbody><tbody id="t0"><tr><th colspan="4">testGuru &#8212; failed</th></tr><tr class="failedeven"><td rowspan="1">com.Sample.NewTest</td><td><a href="#m0">test1</a></td><td rowspan="1">1477462848294</td><td rowspan="1">164</td></tr><tr><th colspan="4">testGuru &#8212; passed</th></tr><tr class="passedeven"><td rowspan="1">com.Sample.NewTest</td><td><a href="#m1">test2</a></td><td rowspan="1">1477462848764</td><td rowspan="1">23</td></tr></tbody><tbody><tr><th colspan="4">QASourceRegressionSuite</th></tr></tbody><tbody><tr><th colspan="4">TestSuite3</th></tr></tbody><tbody id="t1"><tr><th colspan="4">testGuru3 &#8212; failed (configuration methods)</th></tr><tr class="failedeven"><td rowspan="1">com.Sample.TestSample</td><td><a href="#m2">setup</a></td><td rowspan="1">1477462849755</td><td rowspan="1">0</td></tr><tr><th colspan="4">testGuru3 &#8212; skipped (configuration methods)</th></tr><tr class="skippedeven"><td rowspan="1">com.Sample.TestSample</td><td><a href="#m3">tearDown</a></td><td rowspan="1">1477462849762</td><td rowspan="1">0</td></tr><tr><th colspan="4">testGuru3 &#8212; skipped</th></tr><tr class="skippedeven"><td rowspan="1">com.Sample.AppTest</td><td><a href="#m4">TestPass</a></td><td rowspan="1">1477462849762</td><td rowspan="1">0</td></tr><tr class="skippedodd"><td rowspan="7">com.Sample.TestSample</td><td><a href="#m5">TestSampleTest</a></td><td rowspan="1">1477462849758</td><td rowspan="1">0</td></tr><tr class="skippedodd"><td><a href="#m6">TestSampleTest1</a></td><td rowspan="1">1477462849760</td><td rowspan="1">0</td></tr><tr class="skippedodd"><td><a href="#m7">TestSampleTest2</a></td><td rowspan="1">1477462849758</td><td rowspan="1">0</td></tr><tr class="skippedodd"><td><a href="#m8">TestSampleTest3</a></td><td rowspan="1">1477462849759</td><td rowspan="1">0</td></tr><tr class="skippedodd"><td><a href="#m9">TestSampleTest4</a></td><td rowspan="1">1477462849759</td><td rowspan="1">0</td></tr><tr class="skippedodd"><td><a href="#m10">TestSampleTest5</a></td><td rowspan="1">1477462849761</td><td rowspan="1">0</td></tr><tr class="skippedodd"><td><a href="#m11">TestSampleTest6</a></td><td rowspan="1">1477462849760</td><td rowspan="1">0</td></tr></tbody><tbody id="t2"><tr><th colspan="4">testGuru5 &#8212; failed (configuration methods)</th></tr><tr class="failedeven"><td rowspan="1">com.Sample.AppTest</td><td><a href="#m12">setup</a></td><td rowspan="1">1477462849781</td><td rowspan="1">0</td></tr><tr><th colspan="4">testGuru5 &#8212; skipped (configuration methods)</th></tr><tr class="skippedeven"><td rowspan="1">com.Sample.AppTest</td><td><a href="#m13">tearDown</a></td><td rowspan="1">1477462849785</td><td rowspan="1">0</td></tr><tr><th colspan="4">testGuru5 &#8212; skipped</th></tr><tr class="skippedeven"><td rowspan="4">com.Sample.AppTest</td><td><a href="#m14">LogIn_Test</a></td><td rowspan="4">1477462849784</td><td rowspan="4">0</td></tr><tr class="skippedeven"><td><a href="#m15">LogIn_Test</a></td></tr><tr class="skippedeven"><td><a href="#m16">LogIn_Test</a></td></tr><tr class="skippedeven"><td><a href="#m17">LogIn_Test</a></td></tr></tbody><tbody><tr><th colspan="4">TestSuite1</th></tr></tbody><tbody id="t3"><tr><th colspan="4">testGuru1 &#8212; failed (configuration methods)</th></tr><tr class="failedeven"><td rowspan="1">com.Sample.AppTest</td><td><a href="#m18">setup</a></td><td rowspan="1">1477462849711</td><td rowspan="1">0</td></tr><tr><th colspan="4">testGuru1 &#8212; skipped (configuration methods)</th></tr><tr class="skippedeven"><td rowspan="1">com.Sample.AppTest</td><td><a href="#m19">tearDown</a></td><td rowspan="1">1477462849723</td><td rowspan="1">0</td></tr><tr><th colspan="4">testGuru1 &#8212; skipped</th></tr><tr class="skippedeven"><td rowspan="4">com.Sample.AppTest</td><td><a href="#m20">LogIn_Test</a></td><td rowspan="4">1477462849722</td><td rowspan="4">1</td></tr><tr class="skippedeven"><td><a href="#m21">LogIn_Test</a></td></tr><tr class="skippedeven"><td><a href="#m22">LogIn_Test</a></td></tr><tr class="skippedeven"><td><a href="#m23">LogIn_Test</a></td></tr></tbody></table><h2>testGuru</h2><h3 id="m0">com.Sample.NewTest#test1</h3><table class="result"><tr class="param"><th>Parameter #1</th><th>Parameter #2</th></tr><tr class="param stripe"><td>Only Testing</td><td>LogIn</td></tr><tr><th colspan="2">Messages</th></tr><tr><td colspan="2"><div class="messages">Test Method resides in com.Sample.NewTest</div></td></tr><tr><th colspan="2">Exception</th></tr><tr><td colspan="2"><div class="stacktrace">org.openqa.selenium.InvalidSelectorException: The given selector h3[@itemprop=&apos;name&apos;] is either invalid or does not result in a WebElement. The following error occurred:
InvalidSelectorError: An invalid or illegal selector was specified
Command duration or timeout: 23 milliseconds
For documentation on this error, please visit: http://seleniumhq.org/exceptions/invalid_selector_exception.html
Build info: version: &apos;2.53.1&apos;, revision: &apos;a36b8b1cd5757287168e54b817830adce9b0158d&apos;, time: &apos;2016-06-30 19:26:09&apos;
System info: host: &apos;HALE-QA5L&apos;, ip: &apos;10.10.4.147&apos;, os.name: &apos;Windows 7&apos;, os.arch: &apos;x86&apos;, os.version: &apos;6.1&apos;, java.version: &apos;1.8.0_45&apos;
Driver info: org.openqa.selenium.firefox.FirefoxDriver
Capabilities [{applicationCacheEnabled=true, rotatable=false, handlesAlerts=true, databaseEnabled=true, version=30.0, platform=WINDOWS, browserConnectionEnabled=true, nativeEvents=false, acceptSslCerts=true, webStorageEnabled=true, locationContextEnabled=true, browserName=firefox, takesScreenshot=true, javascriptEnabled=true, cssSelectorsEnabled=true}]
Session ID: f8e56937-38b5-418f-aa56-b154aa484e79
*** Element info: {Using=css selector, value=h3[@itemprop=&apos;name&apos;]}
	at org.openqa.selenium.remote.ErrorHandler.createThrowable(ErrorHandler.java:206)
	at org.openqa.selenium.remote.ErrorHandler.throwIfResponseFailed(ErrorHandler.java:158)
	at org.openqa.selenium.remote.RemoteWebDriver.execute(RemoteWebDriver.java:678)
	at org.openqa.selenium.remote.RemoteWebDriver.findElement(RemoteWebDriver.java:363)
	at org.openqa.selenium.remote.RemoteWebDriver.findElementByCssSelector(RemoteWebDriver.java:492)
	at org.openqa.selenium.By$ByCssSelector.findElement(By.java:430)
	at org.openqa.selenium.remote.RemoteWebDriver.findElement(RemoteWebDriver.java:355)
	at com.Sample.NewTest.test1(NewTest.java:15)
Caused by: org.openqa.selenium.InvalidSelectorException: The given selector h3[@itemprop=&apos;name&apos;] is either invalid or does not result in a WebElement. The following error occurred:
InvalidSelectorError: An invalid or illegal selector was specified
For documentation on this error, please visit: http://seleniumhq.org/exceptions/invalid_selector_exception.html
Build info: version: &apos;2.53.1&apos;, revision: &apos;a36b8b1cd5757287168e54b817830adce9b0158d&apos;, time: &apos;2016-06-30 19:26:09&apos;
System info: host: &apos;HALE-QA5L&apos;, ip: &apos;10.10.4.147&apos;, os.name: &apos;Windows 7&apos;, os.arch: &apos;x86&apos;, os.version: &apos;6.1&apos;, java.version: &apos;1.8.0_45&apos;
Driver info: driver.version: unknown
	at &lt;anonymous class&gt;.FirefoxDriver.annotateInvalidSelectorError_(file:///C:/Users/dekumar/AppData/Local/Temp/anonymous9171086098692123819webdriver-profile/extensions/fxdriver@googlecode.com/components/driver-component.js:10744)
	at &lt;anonymous class&gt;.FirefoxDriver.prototype.findElementInternal_(file:///C:/Users/dekumar/AppData/Local/Temp/anonymous9171086098692123819webdriver-profile/extensions/fxdriver@googlecode.com/components/driver-component.js:10775)
	at &lt;anonymous class&gt;.FirefoxDriver.prototype.findElement(file:///C:/Users/dekumar/AppData/Local/Temp/anonymous9171086098692123819webdriver-profile/extensions/fxdriver@googlecode.com/components/driver-component.js:10779)
	at &lt;anonymous class&gt;.DelayedCommand.prototype.executeInternal_/h(file:///C:/Users/dekumar/AppData/Local/Temp/anonymous9171086098692123819webdriver-profile/extensions/fxdriver@googlecode.com/components/command-processor.js:12661)
	at &lt;anonymous class&gt;.DelayedCommand.prototype.executeInternal_(file:///C:/Users/dekumar/AppData/Local/Temp/anonymous9171086098692123819webdriver-profile/extensions/fxdriver@googlecode.com/components/command-processor.js:12666)
	at &lt;anonymous class&gt;.DelayedCommand.prototype.execute/&lt;(file:///C:/Users/dekumar/AppData/Local/Temp/anonymous9171086098692123819webdriver-profile/extensions/fxdriver@googlecode.com/components/command-processor.js:12608)
... Removed 32 stack frames</div></td></tr></table><p class="totop"><a href="#summary">back to summary</a></p><h3 id="m1">com.Sample.NewTest#test2</h3><table class="result"><tr><th>Messages</th></tr><tr><td><div class="messages">Test Method resides in com.Sample.NewTest</div></td></tr></table><p class="totop"><a href="#summary">back to summary</a></p><h2>testGuru3</h2><h3 id="m2">com.Sample.TestSample#setup</h3><table class="result"><tr><th>Exception</th></tr><tr><td><div class="stacktrace">org.openqa.selenium.remote.SessionNotFoundException: The FirefoxDriver cannot be used after quit() was called.
Build info: version: &apos;2.53.1&apos;, revision: &apos;a36b8b1cd5757287168e54b817830adce9b0158d&apos;, time: &apos;2016-06-30 19:26:09&apos;
System info: host: &apos;HALE-QA5L&apos;, ip: &apos;10.10.4.147&apos;, os.name: &apos;Windows 7&apos;, os.arch: &apos;x86&apos;, os.version: &apos;6.1&apos;, java.version: &apos;1.8.0_45&apos;
Driver info: driver.version: RemoteWebDriver
	at org.openqa.selenium.firefox.FirefoxDriver$LazyCommandExecutor.execute(FirefoxDriver.java:377)
	at org.openqa.selenium.remote.RemoteWebDriver.execute(RemoteWebDriver.java:644)
	at org.openqa.selenium.remote.RemoteWebDriver$RemoteWebDriverOptions$RemoteWindow.maximize(RemoteWebDriver.java:945)
	at com.Sample.BaseTest.setup(BaseTest.java:18)
... Removed 26 stack frames</div></td></tr></table><p class="totop"><a href="#summary">back to summary</a></p><h3 id="m3">com.Sample.TestSample#tearDown</h3><table class="result"></table><p class="totop"><a href="#summary">back to summary</a></p><h3 id="m4">com.Sample.AppTest#TestPass</h3><table class="result"></table><p class="totop"><a href="#summary">back to summary</a></p><h3 id="m5">com.Sample.TestSample#TestSampleTest</h3><table class="result"></table><p class="totop"><a href="#summary">back to summary</a></p><h3 id="m6">com.Sample.TestSample#TestSampleTest1</h3><table class="result"><tr><th>Exception</th></tr><tr><td><div class="stacktrace">java.lang.Throwable: Method TestSample.TestSampleTest1()[pri:0, instance:com.Sample.TestSample@535154] depends on not successfully finished methods
... Removed 21 stack frames</div></td></tr></table><p class="totop"><a href="#summary">back to summary</a></p><h3 id="m7">com.Sample.TestSample#TestSampleTest2</h3><table class="result"></table><p class="totop"><a href="#summary">back to summary</a></p><h3 id="m8">com.Sample.TestSample#TestSampleTest3</h3><table class="result"></table><p class="totop"><a href="#summary">back to summary</a></p><h3 id="m9">com.Sample.TestSample#TestSampleTest4</h3><table class="result"></table><p class="totop"><a href="#summary">back to summary</a></p><h3 id="m10">com.Sample.TestSample#TestSampleTest5</h3><table class="result"><tr><th>Exception</th></tr><tr><td><div class="stacktrace">java.lang.Throwable: Method TestSample.TestSampleTest5()[pri:0, instance:com.Sample.TestSample@535154] depends on not successfully finished methods
... Removed 21 stack frames</div></td></tr></table><p class="totop"><a href="#summary">back to summary</a></p><h3 id="m11">com.Sample.TestSample#TestSampleTest6</h3><table class="result"></table><p class="totop"><a href="#summary">back to summary</a></p><h2>testGuru5</h2><h3 id="m12">com.Sample.AppTest#setup</h3><table class="result"><tr><th>Exception</th></tr><tr><td><div class="stacktrace">org.openqa.selenium.remote.SessionNotFoundException: The FirefoxDriver cannot be used after quit() was called.
Build info: version: &apos;2.53.1&apos;, revision: &apos;a36b8b1cd5757287168e54b817830adce9b0158d&apos;, time: &apos;2016-06-30 19:26:09&apos;
System info: host: &apos;HALE-QA5L&apos;, ip: &apos;10.10.4.147&apos;, os.name: &apos;Windows 7&apos;, os.arch: &apos;x86&apos;, os.version: &apos;6.1&apos;, java.version: &apos;1.8.0_45&apos;
Driver info: driver.version: RemoteWebDriver
	at org.openqa.selenium.firefox.FirefoxDriver$LazyCommandExecutor.execute(FirefoxDriver.java:377)
	at org.openqa.selenium.remote.RemoteWebDriver.execute(RemoteWebDriver.java:644)
	at org.openqa.selenium.remote.RemoteWebDriver$RemoteWebDriverOptions$RemoteWindow.maximize(RemoteWebDriver.java:945)
	at com.Sample.BaseTest.setup(BaseTest.java:18)
... Removed 26 stack frames</div></td></tr></table><p class="totop"><a href="#summary">back to summary</a></p><h3 id="m13">com.Sample.AppTest#tearDown</h3><table class="result"></table><p class="totop"><a href="#summary">back to summary</a></p><h3 id="m14">com.Sample.AppTest#LogIn_Test</h3><table class="result"><tr class="param"><th>Parameter #1</th><th>Parameter #2</th></tr><tr class="param stripe"><td>UserId2</td><td>Pass2</td></tr></table><p class="totop"><a href="#summary">back to summary</a></p><h3 id="m15">com.Sample.AppTest#LogIn_Test</h3><table class="result"><tr class="param"><th>Parameter #1</th><th>Parameter #2</th></tr><tr class="param stripe"><td>UserId4</td><td>Pass4</td></tr></table><p class="totop"><a href="#summary">back to summary</a></p><h3 id="m16">com.Sample.AppTest#LogIn_Test</h3><table class="result"><tr class="param"><th>Parameter #1</th><th>Parameter #2</th></tr><tr class="param stripe"><td>UserId1</td><td>Pass1</td></tr></table><p class="totop"><a href="#summary">back to summary</a></p><h3 id="m17">com.Sample.AppTest#LogIn_Test</h3><table class="result"><tr class="param"><th>Parameter #1</th><th>Parameter #2</th></tr><tr class="param stripe"><td>UserId3</td><td>Pass3</td></tr></table><p class="totop"><a href="#summary">back to summary</a></p><h2>testGuru1</h2><h3 id="m18">com.Sample.AppTest#setup</h3><table class="result"><tr><th>Exception</th></tr><tr><td><div class="stacktrace">org.openqa.selenium.remote.SessionNotFoundException: The FirefoxDriver cannot be used after quit() was called.
Build info: version: &apos;2.53.1&apos;, revision: &apos;a36b8b1cd5757287168e54b817830adce9b0158d&apos;, time: &apos;2016-06-30 19:26:09&apos;
System info: host: &apos;HALE-QA5L&apos;, ip: &apos;10.10.4.147&apos;, os.name: &apos;Windows 7&apos;, os.arch: &apos;x86&apos;, os.version: &apos;6.1&apos;, java.version: &apos;1.8.0_45&apos;
Driver info: driver.version: RemoteWebDriver
	at org.openqa.selenium.firefox.FirefoxDriver$LazyCommandExecutor.execute(FirefoxDriver.java:377)
	at org.openqa.selenium.remote.RemoteWebDriver.execute(RemoteWebDriver.java:644)
	at org.openqa.selenium.remote.RemoteWebDriver$RemoteWebDriverOptions$RemoteWindow.maximize(RemoteWebDriver.java:945)
	at com.Sample.BaseTest.setup(BaseTest.java:18)
... Removed 26 stack frames</div></td></tr></table><p class="totop"><a href="#summary">back to summary</a></p><h3 id="m19">com.Sample.AppTest#tearDown</h3><table class="result"></table><p class="totop"><a href="#summary">back to summary</a></p><h3 id="m20">com.Sample.AppTest#LogIn_Test</h3><table class="result"><tr class="param"><th>Parameter #1</th><th>Parameter #2</th></tr><tr class="param stripe"><td>UserId3</td><td>Pass3</td></tr></table><p class="totop"><a href="#summary">back to summary</a></p><h3 id="m21">com.Sample.AppTest#LogIn_Test</h3><table class="result"><tr class="param"><th>Parameter #1</th><th>Parameter #2</th></tr><tr class="param stripe"><td>UserId4</td><td>Pass4</td></tr></table><p class="totop"><a href="#summary">back to summary</a></p><h3 id="m22">com.Sample.AppTest#LogIn_Test</h3><table class="result"><tr class="param"><th>Parameter #1</th><th>Parameter #2</th></tr><tr class="param stripe"><td>UserId1</td><td>Pass1</td></tr></table><p class="totop"><a href="#summary">back to summary</a></p><h3 id="m23">com.Sample.AppTest#LogIn_Test</h3><table class="result"><tr class="param"><th>Parameter #1</th><th>Parameter #2</th></tr><tr class="param stripe"><td>UserId2</td><td>Pass2</td></tr></table><p class="totop"><a href="#summary">back to summary</a></p></body></html>